0 info it worked if it ends with ok
1 verbose cli [ 'C:\\Program Files\\nodejs\\node.exe',
1 verbose cli   'C:\\Program Files\\nodejs\\node_modules\\npm\\bin\\npm-cli.js',
1 verbose cli   'start' ]
2 info using npm@3.5.1
3 info using node@v4.1.0
4 verbose run-script [ 'prestart', 'start', 'poststart' ]
5 info lifecycle vox@0.0.1~prestart: vox@0.0.1
6 silly lifecycle vox@0.0.1~prestart: no script for prestart, continuing
7 info lifecycle vox@0.0.1~start: vox@0.0.1
8 verbose lifecycle vox@0.0.1~start: unsafe-perm in lifecycle true
9 verbose lifecycle vox@0.0.1~start: PATH: C:\Users\ruben\AppData\Roaming\nvm\v4.1.0\node_modules\npm\bin\node-gyp-bin;C:\Development\redux-vox\node_modules\.bin;C:\Program Files (x86)\Cmder\bin;C:\Program Files (x86)\Cmder\vendor\msysgit\bin;C:\Program Files (x86)\Cmder\vendor\msysgit\mingw\bin;C:\Program Files (x86)\Cmder\vendor\msysgit\cmd;C:\Program Files (x86)\Cmder\vendor\msysgit\share\vim\vim74;C:\Program Files (x86)\Cmder;C:\Program Files (x86)\Cmder\vendor\conemu-maximus5\ConEmu;C:\Program Files (x86)\Cmder\vendor\conemu-maximus5;C:\ProgramData\Oracle\Java\javapath;C:\Windows\system32;C:\Windows;C:\Windows\System32\Wbem;C:\Windows\System32\WindowsPowerShell\v1.0\;C:\Program Files (x86)\ATI Technologies\ATI.ACE\Core-Static;C:\Program Files (x86)\MiKTeX 2.9\miktex\bin\;C:\Program Files (x86)\Windows Kits\8.1\Windows Performance Toolkit\;C:\Program Files\Microsoft SQL Server\110\Tools\Binn\;C:\Program Files (x86)\Microsoft SDKs\TypeScript\1.0\;C:\Program Files\Microsoft SQL Server\120\Tools\Binn\;C:\WINDOWS\system32;C:\WINDOWS;C:\WINDOWS\System32\Wbem;C:\WINDOWS\System32\WindowsPowerShell\v1.0\;C:\Users\ruben\AppData\Roaming\nvm;C:\Program Files\nodejs;C:\HashiCorp\Vagrant\bin;C:\Program Files (x86)\Skype\Phone\;C:\Ruby193\bin;C:\Python27;C:\Users\ruben\AppData\Roaming\npm;C:\Program Files\Docker Toolbox;C:\Program Files\Otto;C:\Users\ruben\AppData\Roaming\nvm;C:\Program Files\nodejs
10 verbose lifecycle vox@0.0.1~start: CWD: C:\Development\redux-vox
11 silly lifecycle vox@0.0.1~start: Args: [ '/d /s /c',
11 silly lifecycle   'gulp --gulpfile "./tasks/gulpfile.js" --cwd "./"' ]
12 silly lifecycle vox@0.0.1~start: Returned: code: 1  signal: null
13 info lifecycle vox@0.0.1~start: Failed to exec start script
14 verbose stack Error: vox@0.0.1 start: `gulp --gulpfile "./tasks/gulpfile.js" --cwd "./"`
14 verbose stack Exit status 1
14 verbose stack     at EventEmitter.<anonymous> (C:\Users\ruben\AppData\Roaming\nvm\v4.1.0\node_modules\npm\lib\utils\lifecycle.js:232:16)
14 verbose stack     at emitTwo (events.js:87:13)
14 verbose stack     at EventEmitter.emit (events.js:172:7)
14 verbose stack     at ChildProcess.<anonymous> (C:\Users\ruben\AppData\Roaming\nvm\v4.1.0\node_modules\npm\lib\utils\spawn.js:24:14)
14 verbose stack     at emitTwo (events.js:87:13)
14 verbose stack     at ChildProcess.emit (events.js:172:7)
14 verbose stack     at maybeClose (internal/child_process.js:817:16)
14 verbose stack     at Process.ChildProcess._handle.onexit (internal/child_process.js:211:5)
15 verbose pkgid vox@0.0.1
16 verbose cwd C:\Development\redux-vox
17 error Windows_NT 10.0.10586
18 error argv "C:\\Program Files\\nodejs\\node.exe" "C:\\Program Files\\nodejs\\node_modules\\npm\\bin\\npm-cli.js" "start"
19 error node v4.1.0
20 error npm  v3.5.1
21 error code ELIFECYCLE
22 error vox@0.0.1 start: `gulp --gulpfile "./tasks/gulpfile.js" --cwd "./"`
22 error Exit status 1
23 error Failed at the vox@0.0.1 start script 'gulp --gulpfile "./tasks/gulpfile.js" --cwd "./"'.
23 error Make sure you have the latest version of node.js and npm installed.
23 error If you do, this is most likely a problem with the vox package,
23 error not with npm itself.
23 error Tell the author that this fails on your system:
23 error     gulp --gulpfile "./tasks/gulpfile.js" --cwd "./"
23 error You can get information on how to open an issue for this project with:
23 error     npm bugs vox
23 error Or if that isn't available, you can get their info via:
23 error     npm owner ls vox
23 error There is likely additional logging output above.
24 verbose exit [ 1, true ]
